# JRE version: Java(TM) SE Runtime Environment (15.0.1+9) (build 15.0.1+9-18)
# Java VM: Java HotSpot(TM) 64-Bit Server VM (15.0.1+9-18, mixed mode, sharing, tiered, compressed oops, g1 gc, windows-amd64)
GC Precious Log:
 CPUs: 8 total, 8 available
 Memory: 3974M
 Large Page Support: Disabled
 NUMA Support: Disabled
 Compressed Oops: Enabled (32-bit)
 Heap Region Size: 1M
 Heap Min Capacity: 8M
 Heap Initial Capacity: 64M
 Heap Max Capacity: 994M
 Pre-touch: Disabled
 Parallel Workers: 8
 Concurrent Workers: 2
 Concurrent Refinement Workers: 8
 Periodic GC: Disabled
Heap:
 garbage-first heap   total 56320K, used 30652K [0x00000000c1e00000, 0x0000000100000000)
  region size 1024K, 5 young (5120K), 0 survivors (0K)
 Metaspace       used 54809K, capacity 55424K, committed 55680K, reserved 1097728K
  class space    used 7034K, capacity 7234K, committed 7296K, reserved 1048576K
GC Heap History (20 events):
Event: 11.222 GC heap before
{Heap before GC invocations=15 (full 0):
 garbage-first heap   total 51200K, used 36774K [0x00000000c1e00000, 0x0000000100000000)
  region size 1024K, 18 young (18432K), 2 survivors (2048K)
 Metaspace       used 35942K, capacity 36400K, committed 36480K, reserved 1081344K
  class space    used 4550K, capacity 4675K, committed 4736K, reserved 1048576K
}
Event: 11.225 GC heap after
{Heap after GC invocations=16 (full 0):
 garbage-first heap   total 51200K, used 21714K [0x00000000c1e00000, 0x0000000100000000)
  region size 1024K, 2 young (2048K), 2 survivors (2048K)
 Metaspace       used 35942K, capacity 36400K, committed 36480K, reserved 1081344K
  class space    used 4550K, capacity 4675K, committed 4736K, reserved 1048576K
}
Event: 11.856 GC heap before
{Heap before GC invocations=16 (full 0):
 garbage-first heap   total 51200K, used 38098K [0x00000000c1e00000, 0x0000000100000000)
  region size 1024K, 18 young (18432K), 2 survivors (2048K)
 Metaspace       used 39238K, capacity 39702K, committed 39808K, reserved 1083392K
  class space    used 5054K, capacity 5199K, committed 5248K, reserved 1048576K
}
Event: 11.860 GC heap after
{Heap after GC invocations=17 (full 0):
 garbage-first heap   total 51200K, used 23458K [0x00000000c1e00000, 0x0000000100000000)
  region size 1024K, 3 young (3072K), 3 survivors (3072K)
 Metaspace       used 39238K, capacity 39702K, committed 39808K, reserved 1083392K
  class space    used 5054K, capacity 5199K, committed 5248K, reserved 1048576K
}
Event: 12.505 GC heap before
{Heap before GC invocations=17 (full 0):
 garbage-first heap   total 51200K, used 38818K [0x00000000c1e00000, 0x0000000100000000)
  region size 1024K, 19 young (19456K), 3 survivors (3072K)
 Metaspace       used 41738K, capacity 42230K, committed 42368K, reserved 1085440K
  class space    used 5361K, capacity 5500K, committed 5504K, reserved 1048576K
}
Event: 12.524 GC heap after
{Heap after GC invocations=18 (full 0):
 garbage-first heap   total 51200K, used 25169K [0x00000000c1e00000, 0x0000000100000000)
  region size 1024K, 2 young (2048K), 2 survivors (2048K)
 Metaspace       used 41738K, capacity 42230K, committed 42368K, reserved 1085440K
  class space    used 5361K, capacity 5500K, committed 5504K, reserved 1048576K
}
Event: 13.193 GC heap before
{Heap before GC invocations=18 (full 0):
 garbage-first heap   total 51200K, used 40529K [0x00000000c1e00000, 0x0000000100000000)
  region size 1024K, 17 young (17408K), 2 survivors (2048K)
 Metaspace       used 44051K, capacity 44623K, committed 44800K, reserved 1087488K
  class space    used 5669K, capacity 5869K, committed 5888K, reserved 1048576K
}
Event: 13.198 GC heap after
{Heap after GC invocations=19 (full 0):
 garbage-first heap   total 51200K, used 26843K [0x00000000c1e00000, 0x0000000100000000)
  region size 1024K, 3 young (3072K), 3 survivors (3072K)
 Metaspace       used 44051K, capacity 44623K, committed 44800K, reserved 1087488K
  class space    used 5669K, capacity 5869K, committed 5888K, reserved 1048576K
}
Event: 14.532 GC heap before
{Heap before GC invocations=20 (full 0):
 garbage-first heap   total 51200K, used 40155K [0x00000000c1e00000, 0x0000000100000000)
  region size 1024K, 16 young (16384K), 3 survivors (3072K)
 Metaspace       used 45232K, capacity 45795K, committed 46080K, reserved 1089536K
  class space    used 5845K, capacity 6066K, committed 6144K, reserved 1048576K
}
Event: 14.542 GC heap after
{Heap after GC invocations=21 (full 0):
 garbage-first heap   total 51200K, used 28085K [0x00000000c1e00000, 0x0000000100000000)
  region size 1024K, 2 young (2048K), 2 survivors (2048K)
 Metaspace       used 45232K, capacity 45795K, committed 46080K, reserved 1089536K
  class space    used 5845K, capacity 6066K, committed 6144K, reserved 1048576K
}
Event: 15.487 GC heap before
{Heap before GC invocations=21 (full 0):
 garbage-first heap   total 51200K, used 40373K [0x00000000c1e00000, 0x0000000100000000)
  region size 1024K, 14 young (14336K), 2 survivors (2048K)
 Metaspace       used 48349K, capacity 48861K, committed 49024K, reserved 1091584K
  class space    used 6237K, capacity 6446K, committed 6528K, reserved 1048576K
}
Event: 15.493 GC heap after
{Heap after GC invocations=22 (full 0):
 garbage-first heap   total 51200K, used 30128K [0x00000000c1e00000, 0x0000000100000000)
  region size 1024K, 2 young (2048K), 2 survivors (2048K)
 Metaspace       used 48349K, capacity 48861K, committed 49024K, reserved 1091584K
  class space    used 6237K, capacity 6446K, committed 6528K, reserved 1048576K
}
Event: 16.048 GC heap before
{Heap before GC invocations=23 (full 0):
 garbage-first heap   total 55296K, used 40368K [0x00000000c1e00000, 0x0000000100000000)
  region size 1024K, 12 young (12288K), 2 survivors (2048K)
 Metaspace       used 50307K, capacity 50881K, committed 51072K, reserved 1093632K
  class space    used 6515K, capacity 6708K, committed 6784K, reserved 1048576K
}
Event: 16.054 GC heap after
{Heap after GC invocations=24 (full 0):
 garbage-first heap   total 55296K, used 31472K [0x00000000c1e00000, 0x0000000100000000)
  region size 1024K, 2 young (2048K), 2 survivors (2048K)
 Metaspace       used 50307K, capacity 50881K, committed 51072K, reserved 1093632K
  class space    used 6515K, capacity 6708K, committed 6784K, reserved 1048576K
}
Event: 17.140 GC heap before
{Heap before GC invocations=24 (full 0):
 garbage-first heap   total 55296K, used 42736K [0x00000000c1e00000, 0x0000000100000000)
  region size 1024K, 13 young (13312K), 2 survivors (2048K)
 Metaspace       used 53257K, capacity 53767K, committed 54016K, reserved 1095680K
  class space    used 6879K, capacity 7093K, committed 7168K, reserved 1048576K
}
Event: 17.144 GC heap after
{Heap after GC invocations=25 (full 0):
 garbage-first heap   total 55296K, used 32316K [0x00000000c1e00000, 0x0000000100000000)
  region size 1024K, 2 young (2048K), 2 survivors (2048K)
 Metaspace       used 53257K, capacity 53767K, committed 54016K, reserved 1095680K
  class space    used 6879K, capacity 7093K, committed 7168K, reserved 1048576K
}
Event: 240.699 GC heap before
{Heap before GC invocations=26 (full 0):
 garbage-first heap   total 56320K, used 43580K [0x00000000c1e00000, 0x0000000100000000)
  region size 1024K, 13 young (13312K), 2 survivors (2048K)
 Metaspace       used 54479K, capacity 55019K, committed 55168K, reserved 1097728K
  class space    used 7011K, capacity 7227K, committed 7296K, reserved 1048576K
}
Event: 241.202 GC heap after
{Heap after GC invocations=27 (full 0):
 garbage-first heap   total 56320K, used 32882K [0x00000000c1e00000, 0x0000000100000000)
  region size 1024K, 2 young (2048K), 2 survivors (2048K)
 Metaspace       used 54479K, capacity 55019K, committed 55168K, reserved 1097728K
  class space    used 7011K, capacity 7227K, committed 7296K, reserved 1048576K
}
Event: 355.310 GC heap before
{Heap before GC invocations=27 (full 0):
 garbage-first heap   total 56320K, used 36978K [0x00000000c1e00000, 0x0000000100000000)
  region size 1024K, 7 young (7168K), 2 survivors (2048K)
 Metaspace       used 54726K, capacity 55348K, committed 55424K, reserved 1097728K
  class space    used 7031K, capacity 7230K, committed 7296K, reserved 1048576K
}
Event: 356.227 GC heap after
{Heap after GC invocations=28 (full 1):
 garbage-first heap   total 56320K, used 26556K [0x00000000c1e00000, 0x0000000100000000)
  region size 1024K, 0 young (0K), 0 survivors (0K)
 Metaspace       used 54726K, capacity 55348K, committed 55424K, reserved 1097728K
  class space    used 7031K, capacity 7230K, committed 7296K, reserved 1048576K
}

